0 info it worked if it ends with ok
1 verbose cli [ '/home/michal/.nvm/versions/io.js/v3.0.0/bin/iojs',
1 verbose cli   '/home/michal/.nvm/versions/io.js/v3.0.0/bin/npm',
1 verbose cli   'start' ]
2 info using npm@3.7.3
3 info using node@v3.0.0
4 verbose run-script [ 'prestart', 'start', 'poststart' ]
5 info lifecycle devmeeting-react-kick-off@0.0.1~prestart: devmeeting-react-kick-off@0.0.1
6 silly lifecycle devmeeting-react-kick-off@0.0.1~prestart: no script for prestart, continuing
7 info lifecycle devmeeting-react-kick-off@0.0.1~start: devmeeting-react-kick-off@0.0.1
8 verbose lifecycle devmeeting-react-kick-off@0.0.1~start: unsafe-perm in lifecycle true
9 verbose lifecycle devmeeting-react-kick-off@0.0.1~start: PATH: /home/michal/.nvm/versions/io.js/v3.0.0/lib/node_modules/npm/bin/node-gyp-bin:/home/michal/workshop-react/workshop/node_modules/.bin:/home/michal/.nvm/versions/io.js/v3.0.0/bin:/usr/local/heroku/bin:/home/michal/.nvm/versions/io.js/v3.0.0/bin:/usr/local/sbin:/usr/local/bin:/usr/sbin:/usr/bin:/sbin:/bin:/usr/games:/usr/local/games
10 verbose lifecycle devmeeting-react-kick-off@0.0.1~start: CWD: /home/michal/workshop-react/workshop
11 silly lifecycle devmeeting-react-kick-off@0.0.1~start: Args: [ '-c', 'node webpack-dev-server' ]
12 silly lifecycle devmeeting-react-kick-off@0.0.1~start: Returned: code: 1  signal: null
13 info lifecycle devmeeting-react-kick-off@0.0.1~start: Failed to exec start script
14 verbose stack Error: devmeeting-react-kick-off@0.0.1 start: `node webpack-dev-server`
14 verbose stack Exit status 1
14 verbose stack     at EventEmitter.<anonymous> (/home/michal/.nvm/versions/io.js/v3.0.0/lib/node_modules/npm/lib/utils/lifecycle.js:239:16)
14 verbose stack     at emitTwo (events.js:87:13)
14 verbose stack     at EventEmitter.emit (events.js:172:7)
14 verbose stack     at ChildProcess.<anonymous> (/home/michal/.nvm/versions/io.js/v3.0.0/lib/node_modules/npm/lib/utils/spawn.js:24:14)
14 verbose stack     at emitTwo (events.js:87:13)
14 verbose stack     at ChildProcess.emit (events.js:172:7)
14 verbose stack     at maybeClose (internal/child_process.js:764:16)
14 verbose stack     at Process.ChildProcess._handle.onexit (internal/child_process.js:211:5)
15 verbose pkgid devmeeting-react-kick-off@0.0.1
16 verbose cwd /home/michal/workshop-react/workshop
17 error Linux 3.16.0-60-generic
18 error argv "/home/michal/.nvm/versions/io.js/v3.0.0/bin/iojs" "/home/michal/.nvm/versions/io.js/v3.0.0/bin/npm" "start"
19 error node v3.0.0
20 error npm  v3.7.3
21 error code ELIFECYCLE
22 error devmeeting-react-kick-off@0.0.1 start: `node webpack-dev-server`
22 error Exit status 1
23 error Failed at the devmeeting-react-kick-off@0.0.1 start script 'node webpack-dev-server'.
23 error Make sure you have the latest version of node.js and npm installed.
23 error If you do, this is most likely a problem with the devmeeting-react-kick-off package,
23 error not with npm itself.
23 error Tell the author that this fails on your system:
23 error     node webpack-dev-server
23 error You can get information on how to open an issue for this project with:
23 error     npm bugs devmeeting-react-kick-off
23 error Or if that isn't available, you can get their info via:
23 error     npm owner ls devmeeting-react-kick-off
23 error There is likely additional logging output above.
24 verbose exit [ 1, true ]
